build/app/intermediates/manifest_merge_blame_file/debug/processDebugMainManifest/manifest-merger-blame-debug-report.txt
1<?xml version="1.0" encoding="utf-8"?>
2<manifest xmlns:android="http://schemas.android.com/apk/res/android"
3    package="com.example.venastudio"
4    android:versionCode="3"
5    android:versionName="1.0.0" >
6
7    <uses-sdk
8        android:minSdkVersion="21"
9        android:targetSdkVersion="34" />
10    <!--
11         The INTERNET permission is required for development. Specifically,
12         the Flutter tool needs it to communicate with the running application
13         to allow setting breakpoints, to provide hot reload, etc.
14    -->
15    <uses-permission android:name="android.permission.INTERNET" />
15-->src/debug/AndroidManifest.xml:6:5-66
15-->src/debug/AndroidManifest.xml:6:22-64
16    <!--
17     Required to query activities that can process text, see:
18         https://developer.android.com/training/package-visibility and
19         https://developer.android.com/reference/android/content/Intent#ACTION_PROCESS_TEXT.
20
21         In particular, this is used by the Flutter engine in io.flutter.plugin.text.ProcessTextPlugin.
22    -->
23    <queries>
23-->src/main/AndroidManifest.xml:39:5-44:15
24        <intent>
24-->src/main/AndroidManifest.xml:40:9-43:18
25            <action android:name="android.intent.action.PROCESS_TEXT" />
25-->src/main/AndroidManifest.xml:41:13-72
25-->src/main/AndroidManifest.xml:41:21-70
26
27            <data android:mimeType="text/plain" />
27-->src/main/AndroidManifest.xml:42:13-50
27-->src/main/AndroidManifest.xml:42:19-48
28        </intent>
29        <intent>
29-->[:file_picker] AndroidManifest.xml:8:9-12:18
30            <action android:name="android.intent.action.GET_CONTENT" />
30-->[:file_picker] AndroidManifest.xml:9:13-72
30-->[:file_picker] AndroidManifest.xml:9:21-69
31
32            <data android:mimeType="*/*" />
32-->src/main/AndroidManifest.xml:42:13-50
32-->src/main/AndroidManifest.xml:42:19-48
33        </intent>
34    </queries>
35
36    <uses-permission android:name="android.permission.BLUETOOTH" />
36-->[:flutter_bluetooth_printer] AndroidManifest.xml:7:5-68
36-->[:flutter_bluetooth_printer] AndroidManifest.xml:7:22-65
37    <uses-permission android:name="android.permission.BLUETOOTH_ADMIN" />
37-->[:flutter_bluetooth_printer] AndroidManifest.xml:8:5-74
37-->[:flutter_bluetooth_printer] AndroidManifest.xml:8:22-71
38    <uses-permission
38-->[:flutter_bluetooth_printer] AndroidManifest.xml:9:5-11:58
39        android:name="android.permission.BLUETOOTH_SCAN"
39-->[:flutter_bluetooth_printer] AndroidManifest.xml:10:9-57
40        android:usesPermissionFlags="neverForLocation" />
40-->[:flutter_bluetooth_printer] AndroidManifest.xml:11:9-55
41    <uses-permission android:name="android.permission.BLUETOOTH_CONNECT" />
41-->[:flutter_bluetooth_printer] AndroidManifest.xml:12:5-76
41-->[:flutter_bluetooth_printer] AndroidManifest.xml:12:22-73
42    <uses-permission android:name="android.permission.ACCESS_FINE_LOCATION" />
42-->[:flutter_bluetooth_printer] AndroidManifest.xml:13:5-79
42-->[:flutter_bluetooth_printer] AndroidManifest.xml:13:22-76
43    <uses-permission android:name="android.permission.ACCESS_COARSE_LOCATION" /> <!-- Create a unique permission for your app and use it so only your app can receive your OneSignal messages. -->
43-->[:flutter_bluetooth_printer] AndroidManifest.xml:14:5-81
43-->[:flutter_bluetooth_printer] AndroidManifest.xml:14:22-78
44    <permission
44-->[com.onesignal:notifications:5.1.34] AndroidManifest.xml:10:5-12:47
45        android:name="com.example.venastudio.permission.C2D_MESSAGE"
45-->[com.onesignal:notifications:5.1.34] AndroidManifest.xml:11:9-63
46        android:protectionLevel="signature" />
46-->[com.onesignal:notifications:5.1.34] AndroidManifest.xml:12:9-44
47
48    <uses-permission android:name="com.example.venastudio.permission.C2D_MESSAGE" /> <!-- Required runtime permission to display notifications on Android 13 -->
48-->[com.onesignal:notifications:5.1.34] AndroidManifest.xml:14:5-79
48-->[com.onesignal:notifications:5.1.34] AndroidManifest.xml:14:22-76
49    <uses-permission android:name="android.permission.POST_NOTIFICATIONS" /> <!-- Required, makes sure notifications are delivered on time. -->
49-->[com.onesignal:notifications:5.1.34] AndroidManifest.xml:17:5-77
49-->[com.onesignal:notifications:5.1.34] AndroidManifest.xml:17:22-74
50    <uses-permission android:name="android.permission.WAKE_LOCK" /> <!-- c2dm RECEIVE are basic requirements for push messages through Google's FCM -->
50-->[com.onesignal:notifications:5.1.34] AndroidManifest.xml:18:5-68
50-->[com.onesignal:notifications:5.1.34] AndroidManifest.xml:18:22-65
51    <uses-permission android:name="com.google.android.c2dm.permission.RECEIVE" />
51-->[com.onesignal:notifications:5.1.34] AndroidManifest.xml:19:5-82
51-->[com.onesignal:notifications:5.1.34] AndroidManifest.xml:19:22-79
52    <!--
53 Required so the device vibrates on receiving a push notification.
54         Vibration settings of the device still apply.
55    -->
56    <uses-permission android:name="android.permission.VIBRATE" />
56-->[com.onesignal:notifications:5.1.34] AndroidManifest.xml:24:5-66
56-->[com.onesignal:notifications:5.1.34] AndroidManifest.xml:24:22-63
57    <!--
58 Use to restore notifications the user hasn't interacted with.
59     They could be missed notifications if the user reboots their device if this isn't in place.
60    -->
61    <uses-permission android:name="android.permission.RECEIVE_BOOT_COMPLETED" /> <!-- START: ShortcutBadger -->
61-->[com.onesignal:notifications:5.1.34] AndroidManifest.xml:29:5-81
61-->[com.onesignal:notifications:5.1.34] AndroidManifest.xml:29:22-78
62    <!-- Samsung -->
63    <uses-permission android:name="com.sec.android.provider.badge.permission.READ" />
63-->[com.onesignal:notifications:5.1.34] AndroidManifest.xml:31:5-86
63-->[com.onesignal:notifications:5.1.34] AndroidManifest.xml:31:22-83
64    <uses-permission android:name="com.sec.android.provider.badge.permission.WRITE" /> <!-- HTC -->
64-->[com.onesignal:notifications:5.1.34] AndroidManifest.xml:32:5-87
64-->[com.onesignal:notifications:5.1.34] AndroidManifest.xml:32:22-84
65    <uses-permission android:name="com.htc.launcher.permission.READ_SETTINGS" />
65-->[com.onesignal:notifications:5.1.34] AndroidManifest.xml:33:5-81
65-->[com.onesignal:notifications:5.1.34] AndroidManifest.xml:33:22-78
66    <uses-permission android:name="com.htc.launcher.permission.UPDATE_SHORTCUT" /> <!-- Sony -->
66-->[com.onesignal:notifications:5.1.34] AndroidManifest.xml:34:5-83
66-->[com.onesignal:notifications:5.1.34] AndroidManifest.xml:34:22-80
67    <uses-permission android:name="com.sonyericsson.home.permission.BROADCAST_BADGE" />
67-->[com.onesignal:notifications:5.1.34] AndroidManifest.xml:35:5-88
67-->[com.onesignal:notifications:5.1.34] AndroidManifest.xml:35:22-85
68    <uses-permission android:name="com.sonymobile.home.permission.PROVIDER_INSERT_BADGE" /> <!-- Apex -->
68-->[com.onesignal:notifications:5.1.34] AndroidManifest.xml:36:5-92
68-->[com.onesignal:notifications:5.1.34] AndroidManifest.xml:36:22-89
69    <uses-permission android:name="com.anddoes.launcher.permission.UPDATE_COUNT" /> <!-- Solid -->
69-->[com.onesignal:notifications:5.1.34] AndroidManifest.xml:37:5-84
69-->[com.onesignal:notifications:5.1.34] AndroidManifest.xml:37:22-81
70    <uses-permission android:name="com.majeur.launcher.permission.UPDATE_BADGE" /> <!-- Huawei -->
70-->[com.onesignal:notifications:5.1.34] AndroidManifest.xml:38:5-83
70-->[com.onesignal:notifications:5.1.34] AndroidManifest.xml:38:22-80
71    <uses-permission android:name="com.huawei.android.launcher.permission.CHANGE_BADGE" />
71-->[com.onesignal:notifications:5.1.34] AndroidManifest.xml:39:5-91
71-->[com.onesignal:notifications:5.1.34] AndroidManifest.xml:39:22-88
72    <uses-permission android:name="com.huawei.android.launcher.permission.READ_SETTINGS" />
72-->[com.onesignal:notifications:5.1.34] AndroidManifest.xml:40:5-92
72-->[com.onesignal:notifications:5.1.34] AndroidManifest.xml:40:22-89
73    <uses-permission android:name="com.huawei.android.launcher.permission.WRITE_SETTINGS" /> <!-- ZUK -->
73-->[com.onesignal:notifications:5.1.34] AndroidManifest.xml:41:5-93
73-->[com.onesignal:notifications:5.1.34] AndroidManifest.xml:41:22-90
74    <uses-permission android:name="android.permission.READ_APP_BADGE" /> <!-- OPPO -->
74-->[com.onesignal:notifications:5.1.34] AndroidManifest.xml:42:5-73
74-->[com.onesignal:notifications:5.1.34] AndroidManifest.xml:42:22-70
75    <uses-permission android:name="com.oppo.launcher.permission.READ_SETTINGS" />
75-->[com.onesignal:notifications:5.1.34] AndroidManifest.xml:43:5-82
75-->[com.onesignal:notifications:5.1.34] AndroidManifest.xml:43:22-79
76    <uses-permission android:name="com.oppo.launcher.permission.WRITE_SETTINGS" /> <!-- EvMe -->
76-->[com.onesignal:notifications:5.1.34] AndroidManifest.xml:44:5-83
76-->[com.onesignal:notifications:5.1.34] AndroidManifest.xml:44:22-80
77    <uses-permission android:name="me.everything.badger.permission.BADGE_COUNT_READ" />
77-->[com.onesignal:notifications:5.1.34] AndroidManifest.xml:45:5-88
77-->[com.onesignal:notifications:5.1.34] AndroidManifest.xml:45:22-85
78    <uses-permission android:name="me.everything.badger.permission.BADGE_COUNT_WRITE" />
78-->[com.onesignal:notifications:5.1.34] AndroidManifest.xml:46:5-89
78-->[com.onesignal:notifications:5.1.34] AndroidManifest.xml:46:22-86
79    <uses-permission android:name="android.permission.ACCESS_NETWORK_STATE" />
79-->[com.google.firebase:firebase-messaging:23.4.0] AndroidManifest.xml:22:5-79
79-->[com.google.firebase:firebase-messaging:23.4.0] AndroidManifest.xml:22:22-76
80    <uses-permission android:name="android.permission.FOREGROUND_SERVICE" />
80-->[androidx.work:work-runtime:2.8.1] AndroidManifest.xml:26:5-77
80-->[androidx.work:work-runtime:2.8.1] AndroidManifest.xml:26:22-74
81
82    <permission
82-->[androidx.core:core:1.13.1] AndroidManifest.xml:22:5-24:47
83        android:name="com.example.venastudio.DYNAMIC_RECEIVER_NOT_EXPORTED_PERMISSION"
83-->[androidx.core:core:1.13.1] AndroidManifest.xml:23:9-81
84        android:protectionLevel="signature" />
84-->[androidx.core:core:1.13.1] AndroidManifest.xml:24:9-44
85
86    <uses-permission android:name="com.example.venastudio.DYNAMIC_RECEIVER_NOT_EXPORTED_PERMISSION" />
86-->[androidx.core:core:1.13.1] AndroidManifest.xml:26:5-97
86-->[androidx.core:core:1.13.1] AndroidManifest.xml:26:22-94
87
88    <application
89        android:name="android.app.Application"
90        android:appComponentFactory="androidx.core.app.CoreComponentFactory"
90-->[androidx.core:core:1.13.1] AndroidManifest.xml:28:18-86
91        android:debuggable="true"
92        android:extractNativeLibs="true"
93        android:icon="@mipmap/ic_launcher"
94        android:label="venastudio" >
95        <activity
96            android:name="com.example.venastudio.MainActivity"
97            android:configChanges="orientation|keyboardHidden|keyboard|screenSize|smallestScreenSize|locale|layoutDirection|fontScale|screenLayout|density|uiMode"
98            android:exported="true"
99            android:hardwareAccelerated="true"
100            android:launchMode="singleTop"
101            android:taskAffinity=""
102            android:theme="@style/LaunchTheme"
103            android:windowSoftInputMode="adjustResize" >
104
105            <!--
106                 Specifies an Android theme to apply to this Activity as soon as
107                 the Android process has started. This theme is visible to the user
108                 while the Flutter UI initializes. After that, this theme continues
109                 to determine the Window background behind the Flutter UI.
110            -->
111            <meta-data
112                android:name="io.flutter.embedding.android.NormalTheme"
113                android:resource="@style/NormalTheme" />
114
115            <intent-filter>
116                <action android:name="android.intent.action.MAIN" />
117
118                <category android:name="android.intent.category.LAUNCHER" />
119            </intent-filter>
120        </activity>
121        <!--
122             Don't delete the meta-data below.
123             This is used by the Flutter tool to generate GeneratedPluginRegistrant.java
124        -->
125        <meta-data
126            android:name="flutterEmbedding"
127            android:value="2" />
128
129        <provider
129-->[:printing] AndroidManifest.xml:8:9-16:20
130            android:name="net.nfet.flutter.printing.PrintFileProvider"
130-->[:printing] AndroidManifest.xml:9:13-71
131            android:authorities="com.example.venastudio.flutter.printing"
131-->[:printing] AndroidManifest.xml:10:13-68
132            android:exported="false"
132-->[:printing] AndroidManifest.xml:11:13-37
133            android:grantUriPermissions="true" >
133-->[:printing] AndroidManifest.xml:12:13-47
134            <meta-data
134-->[:printing] AndroidManifest.xml:13:13-15:71
135                android:name="android.support.FILE_PROVIDER_PATHS"
135-->[:printing] AndroidManifest.xml:14:17-67
136                android:resource="@xml/flutter_printing_file_paths" />
136-->[:printing] AndroidManifest.xml:15:17-68
137        </provider>
138
139        <uses-library
139-->[androidx.window:window:1.2.0] AndroidManifest.xml:23:9-25:40
140            android:name="androidx.window.extensions"
140-->[androidx.window:window:1.2.0] AndroidManifest.xml:24:13-54
141            android:required="false" />
141-->[androidx.window:window:1.2.0] AndroidManifest.xml:25:13-37
142        <uses-library
142-->[androidx.window:window:1.2.0] AndroidManifest.xml:26:9-28:40
143            android:name="androidx.window.sidecar"
143-->[androidx.window:window:1.2.0] AndroidManifest.xml:27:13-51
144            android:required="false" />
144-->[androidx.window:window:1.2.0] AndroidManifest.xml:28:13-37
145
146        <receiver
146-->[com.onesignal:notifications:5.1.34] AndroidManifest.xml:49:9-60:20
147            android:name="com.onesignal.notifications.receivers.FCMBroadcastReceiver"
147-->[com.onesignal:notifications:5.1.34] AndroidManifest.xml:50:13-86
148            android:exported="true"
148-->[com.onesignal:notifications:5.1.34] AndroidManifest.xml:51:13-36
149            android:permission="com.google.android.c2dm.permission.SEND" >
149-->[com.onesignal:notifications:5.1.34] AndroidManifest.xml:52:13-73
150
151            <!-- High priority so OneSignal payloads can be filtered from other FCM receivers -->
152            <intent-filter android:priority="999" >
152-->[com.onesignal:notifications:5.1.34] AndroidManifest.xml:55:13-59:29
152-->[com.onesignal:notifications:5.1.34] AndroidManifest.xml:55:28-50
153                <action android:name="com.google.android.c2dm.intent.RECEIVE" />
153-->[com.onesignal:notifications:5.1.34] AndroidManifest.xml:56:17-81
153-->[com.onesignal:notifications:5.1.34] AndroidManifest.xml:56:25-78
154
155                <category android:name="com.example.venastudio" />
155-->[com.onesignal:notifications:5.1.34] AndroidManifest.xml:58:17-61
155-->[com.onesignal:notifications:5.1.34] AndroidManifest.xml:58:27-58
156            </intent-filter>
157        </receiver>
158
159        <service
159-->[com.onesignal:notifications:5.1.34] AndroidManifest.xml:62:9-68:19
160            android:name="com.onesignal.notifications.services.HmsMessageServiceOneSignal"
160-->[com.onesignal:notifications:5.1.34] AndroidManifest.xml:63:13-91
161            android:exported="false" >
161-->[com.onesignal:notifications:5.1.34] AndroidManifest.xml:64:13-37
162            <intent-filter>
162-->[com.onesignal:notifications:5.1.34] AndroidManifest.xml:65:13-67:29
163                <action android:name="com.huawei.push.action.MESSAGING_EVENT" />
163-->[com.onesignal:notifications:5.1.34] AndroidManifest.xml:66:17-81
163-->[com.onesignal:notifications:5.1.34] AndroidManifest.xml:66:25-78
164            </intent-filter>
165        </service> <!-- CAUTION: OneSignal backend includes the activity name in the payload, modifying the name without sync may result in notification click not firing -->
166        <activity
166-->[com.onesignal:notifications:5.1.34] AndroidManifest.xml:69:9-77:20
167            android:name="com.onesignal.NotificationOpenedActivityHMS"
167-->[com.onesignal:notifications:5.1.34] AndroidManifest.xml:70:13-71
168            android:exported="true"
168-->[com.onesignal:notifications:5.1.34] AndroidManifest.xml:71:13-36
169            android:noHistory="true"
169-->[com.onesignal:notifications:5.1.34] AndroidManifest.xml:72:13-37
170            android:theme="@android:style/Theme.Translucent.NoTitleBar" >
170-->[com.onesignal:notifications:5.1.34] AndroidManifest.xml:73:13-72
171            <intent-filter>
171-->[com.onesignal:notifications:5.1.34] AndroidManifest.xml:74:13-76:29
172                <action android:name="android.intent.action.VIEW" />
172-->[com.onesignal:notifications:5.1.34] AndroidManifest.xml:75:17-69
172-->[com.onesignal:notifications:5.1.34] AndroidManifest.xml:75:25-66
173            </intent-filter>
174        </activity>
175
176        <receiver
176-->[com.onesignal:notifications:5.1.34] AndroidManifest.xml:79:9-81:39
177            android:name="com.onesignal.notifications.receivers.NotificationDismissReceiver"
177-->[com.onesignal:notifications:5.1.34] AndroidManifest.xml:80:13-93
178            android:exported="true" />
178-->[com.onesignal:notifications:5.1.34] AndroidManifest.xml:81:13-36
179        <receiver
179-->[com.onesignal:notifications:5.1.34] AndroidManifest.xml:82:9-89:20
180            android:name="com.onesignal.notifications.receivers.BootUpReceiver"
180-->[com.onesignal:notifications:5.1.34] AndroidManifest.xml:83:13-80
181            android:exported="true" >
181-->[com.onesignal:notifications:5.1.34] AndroidManifest.xml:84:13-36
182            <intent-filter>
182-->[com.onesignal:notifications:5.1.34] AndroidManifest.xml:85:13-88:29
183                <action android:name="android.intent.action.BOOT_COMPLETED" />
183-->[com.onesignal:notifications:5.1.34] AndroidManifest.xml:86:17-79
183-->[com.onesignal:notifications:5.1.34] AndroidManifest.xml:86:25-76
184                <action android:name="android.intent.action.QUICKBOOT_POWERON" />
184-->[com.onesignal:notifications:5.1.34] AndroidManifest.xml:87:17-82
184-->[com.onesignal:notifications:5.1.34] AndroidManifest.xml:87:25-79
185            </intent-filter>
186        </receiver>
187        <receiver
187-->[com.onesignal:notifications:5.1.34] AndroidManifest.xml:90:9-96:20
188            android:name="com.onesignal.notifications.receivers.UpgradeReceiver"
188-->[com.onesignal:notifications:5.1.34] AndroidManifest.xml:91:13-81
189            android:exported="true" >
189-->[com.onesignal:notifications:5.1.34] AndroidManifest.xml:92:13-36
190            <intent-filter>
190-->[com.onesignal:notifications:5.1.34] AndroidManifest.xml:93:13-95:29
191                <action android:name="android.intent.action.MY_PACKAGE_REPLACED" />
191-->[com.onesignal:notifications:5.1.34] AndroidManifest.xml:94:17-84
191-->[com.onesignal:notifications:5.1.34] AndroidManifest.xml:94:25-81
192            </intent-filter>
193        </receiver>
194
195        <activity
195-->[com.onesignal:notifications:5.1.34] AndroidManifest.xml:98:9-104:75
196            android:name="com.onesignal.notifications.activities.NotificationOpenedActivity"
196-->[com.onesignal:notifications:5.1.34] AndroidManifest.xml:99:13-93
197            android:excludeFromRecents="true"
197-->[com.onesignal:notifications:5.1.34] AndroidManifest.xml:100:13-46
198            android:exported="true"
198-->[com.onesignal:notifications:5.1.34] AndroidManifest.xml:101:13-36
199            android:noHistory="true"
199-->[com.onesignal:notifications:5.1.34] AndroidManifest.xml:102:13-37
200            android:taskAffinity=""
200-->[com.onesignal:notifications:5.1.34] AndroidManifest.xml:103:13-36
201            android:theme="@android:style/Theme.Translucent.NoTitleBar" />
201-->[com.onesignal:notifications:5.1.34] AndroidManifest.xml:104:13-72
202        <activity
202-->[com.onesignal:notifications:5.1.34] AndroidManifest.xml:105:9-110:75
203            android:name="com.onesignal.notifications.activities.NotificationOpenedActivityAndroid22AndOlder"
203-->[com.onesignal:notifications:5.1.34] AndroidManifest.xml:106:13-110
204            android:excludeFromRecents="true"
204-->[com.onesignal:notifications:5.1.34] AndroidManifest.xml:107:13-46
205            android:exported="true"
205-->[com.onesignal:notifications:5.1.34] AndroidManifest.xml:108:13-36
206            android:noHistory="true"
206-->[com.onesignal:notifications:5.1.34] AndroidManifest.xml:109:13-37
207            android:theme="@android:style/Theme.Translucent.NoTitleBar" />
207-->[com.onesignal:notifications:5.1.34] AndroidManifest.xml:110:13-72
208
209        <receiver
209-->[com.google.firebase:firebase-messaging:23.4.0] AndroidManifest.xml:29:9-40:20
210            android:name="com.google.firebase.iid.FirebaseInstanceIdReceiver"
210-->[com.google.firebase:firebase-messaging:23.4.0] AndroidManifest.xml:30:13-78
211            android:exported="true"
211-->[com.google.firebase:firebase-messaging:23.4.0] AndroidManifest.xml:31:13-36
212            android:permission="com.google.android.c2dm.permission.SEND" >
212-->[com.google.firebase:firebase-messaging:23.4.0] AndroidManifest.xml:32:13-73
213            <intent-filter>
213-->[com.google.firebase:firebase-messaging:23.4.0] AndroidManifest.xml:33:13-35:29
214                <action android:name="com.google.android.c2dm.intent.RECEIVE" />
214-->[com.onesignal:notifications:5.1.34] AndroidManifest.xml:56:17-81
214-->[com.onesignal:notifications:5.1.34] AndroidManifest.xml:56:25-78
215            </intent-filter>
216
217            <meta-data
217-->[com.google.firebase:firebase-messaging:23.4.0] AndroidManifest.xml:37:13-39:40
218                android:name="com.google.android.gms.cloudmessaging.FINISHED_AFTER_HANDLED"
218-->[com.google.firebase:firebase-messaging:23.4.0] AndroidManifest.xml:38:17-92
219                android:value="true" />
219-->[com.google.firebase:firebase-messaging:23.4.0] AndroidManifest.xml:39:17-37
220        </receiver>
221        <!--
222             FirebaseMessagingService performs security checks at runtime,
223             but set to not exported to explicitly avoid allowing another app to call it.
224        -->
225        <service
225-->[com.google.firebase:firebase-messaging:23.4.0] AndroidManifest.xml:46:9-53:19
226            android:name="com.google.firebase.messaging.FirebaseMessagingService"
226-->[com.google.firebase:firebase-messaging:23.4.0] AndroidManifest.xml:47:13-82
227            android:directBootAware="true"
227-->[com.google.firebase:firebase-messaging:23.4.0] AndroidManifest.xml:48:13-43
228            android:exported="false" >
228-->[com.google.firebase:firebase-messaging:23.4.0] AndroidManifest.xml:49:13-37
229            <intent-filter android:priority="-500" >
229-->[com.google.firebase:firebase-messaging:23.4.0] AndroidManifest.xml:50:13-52:29
229-->[com.google.firebase:firebase-messaging:23.4.0] AndroidManifest.xml:50:28-51
230                <action android:name="com.google.firebase.MESSAGING_EVENT" />
230-->[com.google.firebase:firebase-messaging:23.4.0] AndroidManifest.xml:51:17-78
230-->[com.google.firebase:firebase-messaging:23.4.0] AndroidManifest.xml:51:25-75
231            </intent-filter>
232        </service>
233        <service
233-->[com.google.firebase:firebase-messaging:23.4.0] AndroidManifest.xml:54:9-63:19
234            android:name="com.google.firebase.components.ComponentDiscoveryService"
234-->[com.google.firebase:firebase-messaging:23.4.0] AndroidManifest.xml:55:13-84
235            android:directBootAware="true"
235-->[com.google.firebase:firebase-common:20.4.2] AndroidManifest.xml:32:13-43
236            android:exported="false" >
236-->[com.google.firebase:firebase-messaging:23.4.0] AndroidManifest.xml:56:13-37
237            <meta-data
237-->[com.google.firebase:firebase-messaging:23.4.0] AndroidManifest.xml:57:13-59:85
238                android:name="com.google.firebase.components:com.google.firebase.messaging.FirebaseMessagingKtxRegistrar"
238-->[com.google.firebase:firebase-messaging:23.4.0] AndroidManifest.xml:58:17-122
239                android:value="com.google.firebase.components.ComponentRegistrar" />
239-->[com.google.firebase:firebase-messaging:23.4.0] AndroidManifest.xml:59:17-82
240            <meta-data
240-->[com.google.firebase:firebase-messaging:23.4.0] AndroidManifest.xml:60:13-62:85
241                android:name="com.google.firebase.components:com.google.firebase.messaging.FirebaseMessagingRegistrar"
241-->[com.google.firebase:firebase-messaging:23.4.0] AndroidManifest.xml:61:17-119
242                android:value="com.google.firebase.components.ComponentRegistrar" />
242-->[com.google.firebase:firebase-messaging:23.4.0] AndroidManifest.xml:62:17-82
243            <meta-data
243-->[com.google.firebase:firebase-installations:17.2.0] AndroidManifest.xml:15:13-17:85
244                android:name="com.google.firebase.components:com.google.firebase.installations.FirebaseInstallationsKtxRegistrar"
244-->[com.google.firebase:firebase-installations:17.2.0] AndroidManifest.xml:16:17-130
245                android:value="com.google.firebase.components.ComponentRegistrar" />
245-->[com.google.firebase:firebase-installations:17.2.0] AndroidManifest.xml:17:17-82
246            <meta-data
246-->[com.google.firebase:firebase-installations:17.2.0] AndroidManifest.xml:18:13-20:85
247                android:name="com.google.firebase.components:com.google.firebase.installations.FirebaseInstallationsRegistrar"
247-->[com.google.firebase:firebase-installations:17.2.0] AndroidManifest.xml:19:17-127
248                android:value="com.google.firebase.components.ComponentRegistrar" />
248-->[com.google.firebase:firebase-installations:17.2.0] AndroidManifest.xml:20:17-82
249            <meta-data
249-->[com.google.firebase:firebase-common-ktx:20.4.2] AndroidManifest.xml:12:13-14:85
250                android:name="com.google.firebase.components:com.google.firebase.ktx.FirebaseCommonLegacyRegistrar"
250-->[com.google.firebase:firebase-common-ktx:20.4.2] AndroidManifest.xml:13:17-116
251                android:value="com.google.firebase.components.ComponentRegistrar" />
251-->[com.google.firebase:firebase-common-ktx:20.4.2] AndroidManifest.xml:14:17-82
252            <meta-data
252-->[com.google.firebase:firebase-common:20.4.2] AndroidManifest.xml:35:13-37:85
253                android:name="com.google.firebase.components:com.google.firebase.FirebaseCommonKtxRegistrar"
253-->[com.google.firebase:firebase-common:20.4.2] AndroidManifest.xml:36:17-109
254                android:value="com.google.firebase.components.ComponentRegistrar" />
254-->[com.google.firebase:firebase-common:20.4.2] AndroidManifest.xml:37:17-82
255            <meta-data
255-->[com.google.firebase:firebase-datatransport:18.1.7] AndroidManifest.xml:27:13-29:85
256                android:name="com.google.firebase.components:com.google.firebase.datatransport.TransportRegistrar"
256-->[com.google.firebase:firebase-datatransport:18.1.7] AndroidManifest.xml:28:17-115
257                android:value="com.google.firebase.components.ComponentRegistrar" />
257-->[com.google.firebase:firebase-datatransport:18.1.7] AndroidManifest.xml:29:17-82
258        </service>
259
260        <activity
260-->[com.google.android.gms:play-services-base:18.0.1] AndroidManifest.xml:20:9-22:45
261            android:name="com.google.android.gms.common.api.GoogleApiActivity"
261-->[com.google.android.gms:play-services-base:18.0.1] AndroidManifest.xml:20:19-85
262            android:exported="false"
262-->[com.google.android.gms:play-services-base:18.0.1] AndroidManifest.xml:22:19-43
263            android:theme="@android:style/Theme.Translucent.NoTitleBar" />
263-->[com.google.android.gms:play-services-base:18.0.1] AndroidManifest.xml:21:19-78
264
265        <provider
265-->[com.google.firebase:firebase-common:20.4.2] AndroidManifest.xml:23:9-28:39
266            android:name="com.google.firebase.provider.FirebaseInitProvider"
266-->[com.google.firebase:firebase-common:20.4.2] AndroidManifest.xml:24:13-77
267            android:authorities="com.example.venastudio.firebaseinitprovider"
267-->[com.google.firebase:firebase-common:20.4.2] AndroidManifest.xml:25:13-72
268            android:directBootAware="true"
268-->[com.google.firebase:firebase-common:20.4.2] AndroidManifest.xml:26:13-43
269            android:exported="false"
269-->[com.google.firebase:firebase-common:20.4.2] AndroidManifest.xml:27:13-37
270            android:initOrder="100" />
270-->[com.google.firebase:firebase-common:20.4.2] AndroidManifest.xml:28:13-36
271
272        <service
272-->[com.onesignal:core:5.1.34] AndroidManifest.xml:13:9-16:72
273            android:name="com.onesignal.core.services.SyncJobService"
273-->[com.onesignal:core:5.1.34] AndroidManifest.xml:14:13-70
274            android:exported="false"
274-->[com.onesignal:core:5.1.34] AndroidManifest.xml:15:13-37
275            android:permission="android.permission.BIND_JOB_SERVICE" />
275-->[com.onesignal:core:5.1.34] AndroidManifest.xml:16:13-69
276
277        <activity
277-->[com.onesignal:core:5.1.34] AndroidManifest.xml:18:9-21:75
278            android:name="com.onesignal.core.activities.PermissionsActivity"
278-->[com.onesignal:core:5.1.34] AndroidManifest.xml:19:13-77
279            android:exported="false"
279-->[com.onesignal:core:5.1.34] AndroidManifest.xml:20:13-37
280            android:theme="@android:style/Theme.Translucent.NoTitleBar" />
280-->[com.onesignal:core:5.1.34] AndroidManifest.xml:21:13-72
281
282        <provider